<html>
<head>
<title>TestNG:  BankingApp Test </title>
<link href="../testng.css" rel="stylesheet" type="text/css" />
<link href="../my-testng.css" rel="stylesheet" type="text/css" />

<style type="text/css">
.log { display: none;} 
.stack-trace { display: none;} 
</style>
<script type="text/javascript">
<!--
function flip(e) {
  current = e.style.display;
  if (current == 'block') {
    e.style.display = 'none';
    return 0;
  }
  else {
    e.style.display = 'block';
    return 1;
  }
}

function toggleBox(szDivId, elem, msg1, msg2)
{
  var res = -1;  if (document.getElementById) {
    res = flip(document.getElementById(szDivId));
  }
  else if (document.all) {
    // this is the way old msie versions work
    res = flip(document.all[szDivId]);
  }
  if(elem) {
    if(res == 0) elem.innerHTML = msg1; else elem.innerHTML = msg2;
  }

}

function toggleAllBoxes() {
  if (document.getElementsByTagName) {
    d = document.getElementsByTagName('div');
    for (i = 0; i < d.length; i++) {
      if (d[i].className == 'log') {
        flip(d[i]);
      }
    }
  }
}

// -->
</script>

</head>
<body>
<h2 align='center'>BankingApp Test </h2><table border='1' align="center">
<tr>
<td>Tests passed/Failed/Skipped:</td><td>6/0/1</td>
</tr><tr>
<td>Started on:</td><td>Sun Jan 21 15:33:37 GMT+01:00 2024</td>
</tr>
<tr><td>Total time:</td><td>74 seconds (74585 ms)</td>
</tr><tr>
<td>Included groups:</td><td></td>
</tr><tr>
<td>Excluded groups:</td><td></td>
</tr>
</table><p/>
<small><i>(Hover the method name to see the test class name)</i></small><p/>
<table width='100%' border='1' class='invocation-failed'>
<tr><td colspan='4' align='center'><b>FAILED CONFIGURATIONS</b></td></tr>
<tr><td><b>Test method</b></td>
<td><b>Attribute(s)</b></td>
<td width="30%"><b>Exception</b></td>
<td width="10%"><b>Time (seconds)</b></td>
<td><b>Instance</b></td>
</tr>
<tr>
<td title='ebanking.testcases.TC_AddNewCustomer_1103.setup()'><b>setup</b><br>Test class: ebanking.testcases.TC_AddNewCustomer_1103</td>
<td><div><pre>org.openqa.selenium.SessionNotCreatedException: Could not start a new session. Possible causes are invalid address of the remote server or browser start-up failure. 
Host info: host: &apos;LAPTOP-IVL2HKTT&apos;, ip: &apos;192.168.37.80&apos;
Build info: version: &apos;4.15.0&apos;, revision: &apos;1d14b5521b&apos;
System info: os.name: &apos;Windows 11&apos;, os.arch: &apos;amd64&apos;, os.version: &apos;10.0&apos;, java.version: &apos;21.0.1&apos;
Driver info: org.openqa.selenium.chrome.ChromeDriver
Command: [null, newSession {capabilities=[Capabilities {browserName: chrome, goog:chromeOptions: {args: [], extensions: [Q3IyNAMAAAAdBQAAEqwECqYCMII...]}}]}]
	at org.openqa.selenium.remote.RemoteWebDriver.execute(RemoteWebDriver.java:625)
	at org.openqa.selenium.remote.RemoteWebDriver.startSession(RemoteWebDriver.java:241)
	at org.openqa.selenium.remote.RemoteWebDriver.&lt;init&gt;(RemoteWebDriver.java:168)
	at org.openqa.selenium.chromium.ChromiumDriver.&lt;init&gt;(ChromiumDriver.java:108)
	at org.openqa.selenium.chrome.ChromeDriver.&lt;init&gt;(ChromeDriver.java:89)
	at org.openqa.selenium.chrome.ChromeDriver.&lt;init&gt;(ChromeDriver.java:84)
	at org.openqa.selenium.chrome.ChromeDriver.&lt;init&gt;(ChromeDriver.java:73)
	at ebanking.testcases.Baseclass.setup(Baseclass.java:38)
	at java.base/java.util.ArrayList.forEach(ArrayList.java:1596)
	at java.base/java.util.concurrent.FutureTask.run(FutureTask.java:317)
	at java.base/java.util.concurrent.ThreadPoolExecutor.runWorker(ThreadPoolExecutor.java:1144)
	at java.base/java.util.concurrent.ThreadPoolExecutor$Worker.run(ThreadPoolExecutor.java:642)
	at java.base/java.lang.Thread.run(Thread.java:1583)
Caused by: java.io.UncheckedIOException: java.io.IOException: Could not find user
	at org.openqa.selenium.remote.NewSessionPayload.&lt;init&gt;(NewSessionPayload.java:80)
	at org.openqa.selenium.remote.NewSessionPayload.create(NewSessionPayload.java:127)
	at org.openqa.selenium.remote.NewSessionPayload.create(NewSessionPayload.java:111)
	at org.openqa.selenium.remote.ProtocolHandshake.createSession(ProtocolHandshake.java:67)
	at org.openqa.selenium.remote.HttpCommandExecutor.execute(HttpCommandExecutor.java:163)
	at org.openqa.selenium.remote.service.DriverCommandExecutor.invokeExecute(DriverCommandExecutor.java:200)
	at org.openqa.selenium.remote.service.DriverCommandExecutor.execute(DriverCommandExecutor.java:175)
	at org.openqa.selenium.remote.RemoteWebDriver.execute(RemoteWebDriver.java:607)
	... 25 more
Caused by: java.io.IOException: Could not find user
	at com.google.common.io.TempFileCreator$JavaNioCreator.lambda$userPermissions$4(TempFileCreator.java:178)
	at com.google.common.io.TempFileCreator$JavaNioCreator.createTempFile(TempFileCreator.java:120)
	at com.google.common.io.FileBackedOutputStream.update(FileBackedOutputStream.java:238)
	at com.google.common.io.FileBackedOutputStream.write(FileBackedOutputStream.java:217)
	at java.base/sun.nio.cs.StreamEncoder.writeBytes(StreamEncoder.java:309)
	at java.base/sun.nio.cs.StreamEncoder.implWrite(StreamEncoder.java:381)
	at java.base/sun.nio.cs.StreamEncoder.implWrite(StreamEncoder.java:357)
	at java.base/sun.nio.cs.StreamEncoder.lockedWrite(StreamEncoder.java:158)
	at java.base/sun.nio.cs.StreamEncoder.write(StreamEncoder.java:139)
	at java.base/java.io.OutputStreamWriter.write(OutputStreamWriter.java:219)
	at com.google.common.io.CharStreams.copyReaderToWriter(CharStreams.java:150)
	at com.google.common.io.CharStreams.copy(CharStreams.java:79)
	at org.openqa.selenium.remote.NewSessionPayload.&lt;init&gt;(NewSessionPayload.java:78)
	... 32 more
Caused by: java.nio.file.attribute.UserPrincipalNotFoundException
	at java.base/sun.nio.fs.WindowsUserPrincipals.lookup(WindowsUserPrincipals.java:148)
	at java.base/sun.nio.fs.WindowsFileSystem$LookupService$1.lookupPrincipalByName(WindowsFileSystem.java:246)
	at com.google.common.io.TempFileCreator$JavaNioCreator.userPermissions(TempFileCreator.java:153)
	at com.google.common.io.TempFileCreator$JavaNioCreator.&lt;clinit&gt;(TempFileCreator.java:138)
	at com.google.common.io.TempFileCreator.pickSecureCreator(TempFileCreator.java:65)
	at com.google.common.io.TempFileCreator.&lt;clinit&gt;(TempFileCreator.java:51)
	... 43 more
... Removed 13 stack frames</pre></div><a href='#' onClick='toggleBox("stack-trace409538336", this, "Click to show all stack frames", "Click to hide stack frames")'>Click to show all stack frames</a>
<div class='stack-trace' id='stack-trace409538336'><pre>org.openqa.selenium.SessionNotCreatedException: Could not start a new session. Possible causes are invalid address of the remote server or browser start-up failure. 
Host info: host: &apos;LAPTOP-IVL2HKTT&apos;, ip: &apos;192.168.37.80&apos;
Build info: version: &apos;4.15.0&apos;, revision: &apos;1d14b5521b&apos;
System info: os.name: &apos;Windows 11&apos;, os.arch: &apos;amd64&apos;, os.version: &apos;10.0&apos;, java.version: &apos;21.0.1&apos;
Driver info: org.openqa.selenium.chrome.ChromeDriver
Command: [null, newSession {capabilities=[Capabilities {browserName: chrome, goog:chromeOptions: {args: [], extensions: [Q3IyNAMAAAAdBQAAEqwECqYCMII...]}}]}]
	at org.openqa.selenium.remote.RemoteWebDriver.execute(RemoteWebDriver.java:625)
	at org.openqa.selenium.remote.RemoteWebDriver.startSession(RemoteWebDriver.java:241)
	at org.openqa.selenium.remote.RemoteWebDriver.&lt;init&gt;(RemoteWebDriver.java:168)
	at org.openqa.selenium.chromium.ChromiumDriver.&lt;init&gt;(ChromiumDriver.java:108)
	at org.openqa.selenium.chrome.ChromeDriver.&lt;init&gt;(ChromeDriver.java:89)
	at org.openqa.selenium.chrome.ChromeDriver.&lt;init&gt;(ChromeDriver.java:84)
	at org.openqa.selenium.chrome.ChromeDriver.&lt;init&gt;(ChromeDriver.java:73)
	at ebanking.testcases.Baseclass.setup(Baseclass.java:38)
	at java.base/jdk.internal.reflect.DirectMethodHandleAccessor.invoke(DirectMethodHandleAccessor.java:103)
	at java.base/java.lang.reflect.Method.invoke(Method.java:580)
	at org.testng.internal.invokers.MethodInvocationHelper.invokeMethod(MethodInvocationHelper.java:139)
	at org.testng.internal.invokers.MethodInvocationHelper.invokeMethodConsideringTimeout(MethodInvocationHelper.java:69)
	at org.testng.internal.invokers.ConfigInvoker.invokeConfigurationMethod(ConfigInvoker.java:390)
	at org.testng.internal.invokers.ConfigInvoker.invokeConfigurations(ConfigInvoker.java:325)
	at org.testng.internal.invokers.TestMethodWorker.invokeBeforeClassMethods(TestMethodWorker.java:180)
	at org.testng.internal.invokers.TestMethodWorker.run(TestMethodWorker.java:122)
	at java.base/java.util.ArrayList.forEach(ArrayList.java:1596)
	at org.testng.TestRunner.privateRun(TestRunner.java:848)
	at org.testng.TestRunner.run(TestRunner.java:621)
	at org.testng.SuiteRunner.runTest(SuiteRunner.java:443)
	at org.testng.SuiteRunner$SuiteWorker.run(SuiteRunner.java:481)
	at org.testng.internal.thread.ThreadUtil.lambda$execute$0(ThreadUtil.java:58)
	at java.base/java.util.concurrent.FutureTask.run(FutureTask.java:317)
	at java.base/java.util.concurrent.ThreadPoolExecutor.runWorker(ThreadPoolExecutor.java:1144)
	at java.base/java.util.concurrent.ThreadPoolExecutor$Worker.run(ThreadPoolExecutor.java:642)
	at java.base/java.lang.Thread.run(Thread.java:1583)
Caused by: java.io.UncheckedIOException: java.io.IOException: Could not find user
	at org.openqa.selenium.remote.NewSessionPayload.&lt;init&gt;(NewSessionPayload.java:80)
	at org.openqa.selenium.remote.NewSessionPayload.create(NewSessionPayload.java:127)
	at org.openqa.selenium.remote.NewSessionPayload.create(NewSessionPayload.java:111)
	at org.openqa.selenium.remote.ProtocolHandshake.createSession(ProtocolHandshake.java:67)
	at org.openqa.selenium.remote.HttpCommandExecutor.execute(HttpCommandExecutor.java:163)
	at org.openqa.selenium.remote.service.DriverCommandExecutor.invokeExecute(DriverCommandExecutor.java:200)
	at org.openqa.selenium.remote.service.DriverCommandExecutor.execute(DriverCommandExecutor.java:175)
	at org.openqa.selenium.remote.RemoteWebDriver.execute(RemoteWebDriver.java:607)
	... 25 more
Caused by: java.io.IOException: Could not find user
	at com.google.common.io.TempFileCreator$JavaNioCreator.lambda$userPermissions$4(TempFileCreator.java:178)
	at com.google.common.io.TempFileCreator$JavaNioCreator.createTempFile(TempFileCreator.java:120)
	at com.google.common.io.FileBackedOutputStream.update(FileBackedOutputStream.java:238)
	at com.google.common.io.FileBackedOutputStream.write(FileBackedOutputStream.java:217)
	at java.base/sun.nio.cs.StreamEncoder.writeBytes(StreamEncoder.java:309)
	at java.base/sun.nio.cs.StreamEncoder.implWrite(StreamEncoder.java:381)
	at java.base/sun.nio.cs.StreamEncoder.implWrite(StreamEncoder.java:357)
	at java.base/sun.nio.cs.StreamEncoder.lockedWrite(StreamEncoder.java:158)
	at java.base/sun.nio.cs.StreamEncoder.write(StreamEncoder.java:139)
	at java.base/java.io.OutputStreamWriter.write(OutputStreamWriter.java:219)
	at com.google.common.io.CharStreams.copyReaderToWriter(CharStreams.java:150)
	at com.google.common.io.CharStreams.copy(CharStreams.java:79)
	at org.openqa.selenium.remote.NewSessionPayload.&lt;init&gt;(NewSessionPayload.java:78)
	... 32 more
Caused by: java.nio.file.attribute.UserPrincipalNotFoundException
	at java.base/sun.nio.fs.WindowsUserPrincipals.lookup(WindowsUserPrincipals.java:148)
	at java.base/sun.nio.fs.WindowsFileSystem$LookupService$1.lookupPrincipalByName(WindowsFileSystem.java:246)
	at com.google.common.io.TempFileCreator$JavaNioCreator.userPermissions(TempFileCreator.java:153)
	at com.google.common.io.TempFileCreator$JavaNioCreator.&lt;clinit&gt;(TempFileCreator.java:138)
	at com.google.common.io.TempFileCreator.pickSecureCreator(TempFileCreator.java:65)
	at com.google.common.io.TempFileCreator.&lt;clinit&gt;(TempFileCreator.java:51)
	... 43 more
</pre></div></td>
<td>0</td>
<td>ebanking.testcases.TC_AddNewCustomer_1103@59309333</td></tr>
</table><p>
<table width='100%' border='1' class='invocation-skipped'>
<tr><td colspan='4' align='center'><b>SKIPPED CONFIGURATIONS</b></td></tr>
<tr><td><b>Test method</b></td>
<td><b>Attribute(s)</b></td>
<td width="30%"><b>Exception</b></td>
<td width="10%"><b>Time (seconds)</b></td>
<td><b>Instance</b></td>
</tr>
<tr>
<td title='ebanking.testcases.TC_AddNewCustomer_1103.tearDown()'><b>tearDown</b><br>Test class: ebanking.testcases.TC_AddNewCustomer_1103</td>
<td></td>
<td>0</td>
<td>ebanking.testcases.TC_AddNewCustomer_1103@59309333</td></tr>
<tr>
<td title='ebanking.testcases.TC_AddNewCustomer_1103.teardown()'><b>teardown</b><br>Test class: ebanking.testcases.TC_AddNewCustomer_1103</td>
<td></td>
<td>0</td>
<td>ebanking.testcases.TC_AddNewCustomer_1103@59309333</td></tr>
</table><p>
<table width='100%' border='1' class='invocation-passed'>
<tr><td colspan='4' align='center'><b>PASSED TESTS</b></td></tr>
<tr><td><b>Test method</b></td>
<td><b>Attribute(s)</b></td>
<td width="30%"><b>Exception</b></td>
<td width="10%"><b>Time (seconds)</b></td>
<td><b>Instance</b></td>
</tr>
<tr>
<td title='ebanking.testcases.TC_LoginDDT_1101.LoginDDT()'><b>LoginDDT</b><br>Test class: ebanking.testcases.TC_LoginDDT_1101<br>Parameters: mngr645323, YzYterE</td>
<td></td>
<td>15</td>
<td>ebanking.testcases.TC_LoginDDT_1101@1aa7ecca</td></tr>
<tr>
<td title='ebanking.testcases.TC_LoginDDT_1101.LoginDDT()'><b>LoginDDT</b><br>Test class: ebanking.testcases.TC_LoginDDT_1101<br>Parameters: mngr642323, YyYterE</td>
<td></td>
<td>15</td>
<td>ebanking.testcases.TC_LoginDDT_1101@1aa7ecca</td></tr>
<tr>
<td title='ebanking.testcases.TC_LoginTest_1100.LoginTest()'><b>LoginTest</b><br>Test class: ebanking.testcases.TC_LoginTest_1100</td>
<td></td>
<td>1</td>
<td>ebanking.testcases.TC_LoginTest_1100@79924b</td></tr>
<tr>
<td title='ebanking.testcases.TC_LoginDDT_1101.LoginDDT()'><b>LoginDDT</b><br>Test class: ebanking.testcases.TC_LoginDDT_1101<br>Parameters: null, null</td>
<td></td>
<td>0</td>
<td>ebanking.testcases.TC_LoginDDT_1101@1aa7ecca</td></tr>
<tr>
<td title='ebanking.testcases.TC_LoginDDT_1101.LoginDDT()'><b>LoginDDT</b><br>Test class: ebanking.testcases.TC_LoginDDT_1101<br>Parameters: mngr549285, yjUjYha</td>
<td></td>
<td>8</td>
<td>ebanking.testcases.TC_LoginDDT_1101@1aa7ecca</td></tr>
<tr>
<td title='ebanking.testcases.TC_LoginDDT_1101.LoginDDT()'><b>LoginDDT</b><br>Test class: ebanking.testcases.TC_LoginDDT_1101<br>Parameters: mngr545323, YyYterE</td>
<td></td>
<td>16</td>
<td>ebanking.testcases.TC_LoginDDT_1101@1aa7ecca</td></tr>
</table><p>
<table width='100%' border='1' class='invocation-skipped'>
<tr><td colspan='4' align='center'><b>SKIPPED TESTS</b></td></tr>
<tr><td><b>Test method</b></td>
<td><b>Attribute(s)</b></td>
<td width="30%"><b>Exception</b></td>
<td width="10%"><b>Time (seconds)</b></td>
<td><b>Instance</b></td>
</tr>
<tr>
<td title='ebanking.testcases.TC_AddNewCustomer_1103.addNewCustomer()'><b>addNewCustomer</b><br>Test class: ebanking.testcases.TC_AddNewCustomer_1103</td>
<td><div><pre>org.openqa.selenium.SessionNotCreatedException: Could not start a new session. Possible causes are invalid address of the remote server or browser start-up failure. 
Host info: host: &apos;LAPTOP-IVL2HKTT&apos;, ip: &apos;192.168.37.80&apos;
Build info: version: &apos;4.15.0&apos;, revision: &apos;1d14b5521b&apos;
System info: os.name: &apos;Windows 11&apos;, os.arch: &apos;amd64&apos;, os.version: &apos;10.0&apos;, java.version: &apos;21.0.1&apos;
Driver info: org.openqa.selenium.chrome.ChromeDriver
Command: [null, newSession {capabilities=[Capabilities {browserName: chrome, goog:chromeOptions: {args: [], extensions: [Q3IyNAMAAAAdBQAAEqwECqYCMII...]}}]}]
	at org.openqa.selenium.remote.RemoteWebDriver.execute(RemoteWebDriver.java:625)
	at org.openqa.selenium.remote.RemoteWebDriver.startSession(RemoteWebDriver.java:241)
	at org.openqa.selenium.remote.RemoteWebDriver.&lt;init&gt;(RemoteWebDriver.java:168)
	at org.openqa.selenium.chromium.ChromiumDriver.&lt;init&gt;(ChromiumDriver.java:108)
	at org.openqa.selenium.chrome.ChromeDriver.&lt;init&gt;(ChromeDriver.java:89)
	at org.openqa.selenium.chrome.ChromeDriver.&lt;init&gt;(ChromeDriver.java:84)
	at org.openqa.selenium.chrome.ChromeDriver.&lt;init&gt;(ChromeDriver.java:73)
	at ebanking.testcases.Baseclass.setup(Baseclass.java:38)
	at java.base/java.util.ArrayList.forEach(ArrayList.java:1596)
	at java.base/java.util.concurrent.FutureTask.run(FutureTask.java:317)
	at java.base/java.util.concurrent.ThreadPoolExecutor.runWorker(ThreadPoolExecutor.java:1144)
	at java.base/java.util.concurrent.ThreadPoolExecutor$Worker.run(ThreadPoolExecutor.java:642)
	at java.base/java.lang.Thread.run(Thread.java:1583)
Caused by: java.io.UncheckedIOException: java.io.IOException: Could not find user
	at org.openqa.selenium.remote.NewSessionPayload.&lt;init&gt;(NewSessionPayload.java:80)
	at org.openqa.selenium.remote.NewSessionPayload.create(NewSessionPayload.java:127)
	at org.openqa.selenium.remote.NewSessionPayload.create(NewSessionPayload.java:111)
	at org.openqa.selenium.remote.ProtocolHandshake.createSession(ProtocolHandshake.java:67)
	at org.openqa.selenium.remote.HttpCommandExecutor.execute(HttpCommandExecutor.java:163)
	at org.openqa.selenium.remote.service.DriverCommandExecutor.invokeExecute(DriverCommandExecutor.java:200)
	at org.openqa.selenium.remote.service.DriverCommandExecutor.execute(DriverCommandExecutor.java:175)
	at org.openqa.selenium.remote.RemoteWebDriver.execute(RemoteWebDriver.java:607)
	... 25 more
Caused by: java.io.IOException: Could not find user
	at com.google.common.io.TempFileCreator$JavaNioCreator.lambda$userPermissions$4(TempFileCreator.java:178)
	at com.google.common.io.TempFileCreator$JavaNioCreator.createTempFile(TempFileCreator.java:120)
	at com.google.common.io.FileBackedOutputStream.update(FileBackedOutputStream.java:238)
	at com.google.common.io.FileBackedOutputStream.write(FileBackedOutputStream.java:217)
	at java.base/sun.nio.cs.StreamEncoder.writeBytes(StreamEncoder.java:309)
	at java.base/sun.nio.cs.StreamEncoder.implWrite(StreamEncoder.java:381)
	at java.base/sun.nio.cs.StreamEncoder.implWrite(StreamEncoder.java:357)
	at java.base/sun.nio.cs.StreamEncoder.lockedWrite(StreamEncoder.java:158)
	at java.base/sun.nio.cs.StreamEncoder.write(StreamEncoder.java:139)
	at java.base/java.io.OutputStreamWriter.write(OutputStreamWriter.java:219)
	at com.google.common.io.CharStreams.copyReaderToWriter(CharStreams.java:150)
	at com.google.common.io.CharStreams.copy(CharStreams.java:79)
	at org.openqa.selenium.remote.NewSessionPayload.&lt;init&gt;(NewSessionPayload.java:78)
	... 32 more
Caused by: java.nio.file.attribute.UserPrincipalNotFoundException
	at java.base/sun.nio.fs.WindowsUserPrincipals.lookup(WindowsUserPrincipals.java:148)
	at java.base/sun.nio.fs.WindowsFileSystem$LookupService$1.lookupPrincipalByName(WindowsFileSystem.java:246)
	at com.google.common.io.TempFileCreator$JavaNioCreator.userPermissions(TempFileCreator.java:153)
	at com.google.common.io.TempFileCreator$JavaNioCreator.&lt;clinit&gt;(TempFileCreator.java:138)
	at com.google.common.io.TempFileCreator.pickSecureCreator(TempFileCreator.java:65)
	at com.google.common.io.TempFileCreator.&lt;clinit&gt;(TempFileCreator.java:51)
	... 43 more
... Removed 13 stack frames</pre></div><a href='#' onClick='toggleBox("stack-trace277996744", this, "Click to show all stack frames", "Click to hide stack frames")'>Click to show all stack frames</a>
<div class='stack-trace' id='stack-trace277996744'><pre>org.openqa.selenium.SessionNotCreatedException: Could not start a new session. Possible causes are invalid address of the remote server or browser start-up failure. 
Host info: host: &apos;LAPTOP-IVL2HKTT&apos;, ip: &apos;192.168.37.80&apos;
Build info: version: &apos;4.15.0&apos;, revision: &apos;1d14b5521b&apos;
System info: os.name: &apos;Windows 11&apos;, os.arch: &apos;amd64&apos;, os.version: &apos;10.0&apos;, java.version: &apos;21.0.1&apos;
Driver info: org.openqa.selenium.chrome.ChromeDriver
Command: [null, newSession {capabilities=[Capabilities {browserName: chrome, goog:chromeOptions: {args: [], extensions: [Q3IyNAMAAAAdBQAAEqwECqYCMII...]}}]}]
	at org.openqa.selenium.remote.RemoteWebDriver.execute(RemoteWebDriver.java:625)
	at org.openqa.selenium.remote.RemoteWebDriver.startSession(RemoteWebDriver.java:241)
	at org.openqa.selenium.remote.RemoteWebDriver.&lt;init&gt;(RemoteWebDriver.java:168)
	at org.openqa.selenium.chromium.ChromiumDriver.&lt;init&gt;(ChromiumDriver.java:108)
	at org.openqa.selenium.chrome.ChromeDriver.&lt;init&gt;(ChromeDriver.java:89)
	at org.openqa.selenium.chrome.ChromeDriver.&lt;init&gt;(ChromeDriver.java:84)
	at org.openqa.selenium.chrome.ChromeDriver.&lt;init&gt;(ChromeDriver.java:73)
	at ebanking.testcases.Baseclass.setup(Baseclass.java:38)
	at java.base/jdk.internal.reflect.DirectMethodHandleAccessor.invoke(DirectMethodHandleAccessor.java:103)
	at java.base/java.lang.reflect.Method.invoke(Method.java:580)
	at org.testng.internal.invokers.MethodInvocationHelper.invokeMethod(MethodInvocationHelper.java:139)
	at org.testng.internal.invokers.MethodInvocationHelper.invokeMethodConsideringTimeout(MethodInvocationHelper.java:69)
	at org.testng.internal.invokers.ConfigInvoker.invokeConfigurationMethod(ConfigInvoker.java:390)
	at org.testng.internal.invokers.ConfigInvoker.invokeConfigurations(ConfigInvoker.java:325)
	at org.testng.internal.invokers.TestMethodWorker.invokeBeforeClassMethods(TestMethodWorker.java:180)
	at org.testng.internal.invokers.TestMethodWorker.run(TestMethodWorker.java:122)
	at java.base/java.util.ArrayList.forEach(ArrayList.java:1596)
	at org.testng.TestRunner.privateRun(TestRunner.java:848)
	at org.testng.TestRunner.run(TestRunner.java:621)
	at org.testng.SuiteRunner.runTest(SuiteRunner.java:443)
	at org.testng.SuiteRunner$SuiteWorker.run(SuiteRunner.java:481)
	at org.testng.internal.thread.ThreadUtil.lambda$execute$0(ThreadUtil.java:58)
	at java.base/java.util.concurrent.FutureTask.run(FutureTask.java:317)
	at java.base/java.util.concurrent.ThreadPoolExecutor.runWorker(ThreadPoolExecutor.java:1144)
	at java.base/java.util.concurrent.ThreadPoolExecutor$Worker.run(ThreadPoolExecutor.java:642)
	at java.base/java.lang.Thread.run(Thread.java:1583)
Caused by: java.io.UncheckedIOException: java.io.IOException: Could not find user
	at org.openqa.selenium.remote.NewSessionPayload.&lt;init&gt;(NewSessionPayload.java:80)
	at org.openqa.selenium.remote.NewSessionPayload.create(NewSessionPayload.java:127)
	at org.openqa.selenium.remote.NewSessionPayload.create(NewSessionPayload.java:111)
	at org.openqa.selenium.remote.ProtocolHandshake.createSession(ProtocolHandshake.java:67)
	at org.openqa.selenium.remote.HttpCommandExecutor.execute(HttpCommandExecutor.java:163)
	at org.openqa.selenium.remote.service.DriverCommandExecutor.invokeExecute(DriverCommandExecutor.java:200)
	at org.openqa.selenium.remote.service.DriverCommandExecutor.execute(DriverCommandExecutor.java:175)
	at org.openqa.selenium.remote.RemoteWebDriver.execute(RemoteWebDriver.java:607)
	... 25 more
Caused by: java.io.IOException: Could not find user
	at com.google.common.io.TempFileCreator$JavaNioCreator.lambda$userPermissions$4(TempFileCreator.java:178)
	at com.google.common.io.TempFileCreator$JavaNioCreator.createTempFile(TempFileCreator.java:120)
	at com.google.common.io.FileBackedOutputStream.update(FileBackedOutputStream.java:238)
	at com.google.common.io.FileBackedOutputStream.write(FileBackedOutputStream.java:217)
	at java.base/sun.nio.cs.StreamEncoder.writeBytes(StreamEncoder.java:309)
	at java.base/sun.nio.cs.StreamEncoder.implWrite(StreamEncoder.java:381)
	at java.base/sun.nio.cs.StreamEncoder.implWrite(StreamEncoder.java:357)
	at java.base/sun.nio.cs.StreamEncoder.lockedWrite(StreamEncoder.java:158)
	at java.base/sun.nio.cs.StreamEncoder.write(StreamEncoder.java:139)
	at java.base/java.io.OutputStreamWriter.write(OutputStreamWriter.java:219)
	at com.google.common.io.CharStreams.copyReaderToWriter(CharStreams.java:150)
	at com.google.common.io.CharStreams.copy(CharStreams.java:79)
	at org.openqa.selenium.remote.NewSessionPayload.&lt;init&gt;(NewSessionPayload.java:78)
	... 32 more
Caused by: java.nio.file.attribute.UserPrincipalNotFoundException
	at java.base/sun.nio.fs.WindowsUserPrincipals.lookup(WindowsUserPrincipals.java:148)
	at java.base/sun.nio.fs.WindowsFileSystem$LookupService$1.lookupPrincipalByName(WindowsFileSystem.java:246)
	at com.google.common.io.TempFileCreator$JavaNioCreator.userPermissions(TempFileCreator.java:153)
	at com.google.common.io.TempFileCreator$JavaNioCreator.&lt;clinit&gt;(TempFileCreator.java:138)
	at com.google.common.io.TempFileCreator.pickSecureCreator(TempFileCreator.java:65)
	at com.google.common.io.TempFileCreator.&lt;clinit&gt;(TempFileCreator.java:51)
	... 43 more
</pre></div></td>
<td>0</td>
<td>ebanking.testcases.TC_AddNewCustomer_1103@59309333</td></tr>
</table><p>
</body>
</html>